<?xml version="1.0" encoding="UTF-8"?>
<testsuite xmlns:xsi="http://www.w3.org/2001/XMLSchema-instance" xsi:noNamespaceSchemaLocation="https://maven.apache.org/surefire/maven-surefire-plugin/xsd/surefire-test-report-3.0.xsd" version="3.0" name="com.polypro.duan1quanlynongsan.Dao.KhachHangDaoTest" time="2.19" tests="15" errors="0" skipped="0" failures="11">
  <properties>
    <property name="java.specification.version" value="14"/>
    <property name="sun.cpu.isalist" value="amd64"/>
    <property name="sun.jnu.encoding" value="Cp1252"/>
    <property name="java.class.path" value="C:\Users\Admin\Documents\NetBeansProjects\DuAn1QuanLyNongSan\target\test-classes;C:\Users\Admin\Documents\NetBeansProjects\DuAn1QuanLyNongSan\target\classes;C:\Users\Admin\.m2\repository\com\microsoft\sqlserver\mssql-jdbc\8.2.2.jre11\mssql-jdbc-8.2.2.jre11.jar;C:\Users\Admin\.m2\repository\org\seleniumhq\selenium\selenium-java\2.44.0\selenium-java-2.44.0.jar;C:\Users\Admin\.m2\repository\org\seleniumhq\selenium\selenium-chrome-driver\2.44.0\selenium-chrome-driver-2.44.0.jar;C:\Users\Admin\.m2\repository\org\seleniumhq\selenium\selenium-remote-driver\2.44.0\selenium-remote-driver-2.44.0.jar;C:\Users\Admin\.m2\repository\cglib\cglib-nodep\2.1_3\cglib-nodep-2.1_3.jar;C:\Users\Admin\.m2\repository\com\google\code\gson\gson\2.3\gson-2.3.jar;C:\Users\Admin\.m2\repository\org\seleniumhq\selenium\selenium-api\2.44.0\selenium-api-2.44.0.jar;C:\Users\Admin\.m2\repository\org\seleniumhq\selenium\selenium-htmlunit-driver\2.44.0\selenium-htmlunit-driver-2.44.0.jar;C:\Users\Admin\.m2\repository\net\sourceforge\htmlunit\htmlunit\2.15\htmlunit-2.15.jar;C:\Users\Admin\.m2\repository\xalan\xalan\2.7.1\xalan-2.7.1.jar;C:\Users\Admin\.m2\repository\xalan\serializer\2.7.1\serializer-2.7.1.jar;C:\Users\Admin\.m2\repository\xml-apis\xml-apis\1.3.04\xml-apis-1.3.04.jar;C:\Users\Admin\.m2\repository\commons-collections\commons-collections\3.2.1\commons-collections-3.2.1.jar;C:\Users\Admin\.m2\repository\org\apache\commons\commons-lang3\3.3.2\commons-lang3-3.3.2.jar;C:\Users\Admin\.m2\repository\org\apache\httpcomponents\httpmime\4.3.3\httpmime-4.3.3.jar;C:\Users\Admin\.m2\repository\commons-codec\commons-codec\1.9\commons-codec-1.9.jar;C:\Users\Admin\.m2\repository\net\sourceforge\htmlunit\htmlunit-core-js\2.15\htmlunit-core-js-2.15.jar;C:\Users\Admin\.m2\repository\net\sourceforge\nekohtml\nekohtml\1.9.21\nekohtml-1.9.21.jar;C:\Users\Admin\.m2\repository\net\sourceforge\cssparser\cssparser\0.9.14\cssparser-0.9.14.jar;C:\Users\Admin\.m2\repository\org\w3c\css\sac\1.3\sac-1.3.jar;C:\Users\Admin\.m2\repository\org\eclipse\jetty\jetty-websocket\8.1.15.v20140411\jetty-websocket-8.1.15.v20140411.jar;C:\Users\Admin\.m2\repository\org\eclipse\jetty\jetty-util\8.1.15.v20140411\jetty-util-8.1.15.v20140411.jar;C:\Users\Admin\.m2\repository\org\eclipse\jetty\jetty-io\8.1.15.v20140411\jetty-io-8.1.15.v20140411.jar;C:\Users\Admin\.m2\repository\org\eclipse\jetty\jetty-http\8.1.15.v20140411\jetty-http-8.1.15.v20140411.jar;C:\Users\Admin\.m2\repository\org\apache\httpcomponents\httpclient\4.3.4\httpclient-4.3.4.jar;C:\Users\Admin\.m2\repository\org\apache\httpcomponents\httpcore\4.3.2\httpcore-4.3.2.jar;C:\Users\Admin\.m2\repository\org\seleniumhq\selenium\selenium-firefox-driver\2.44.0\selenium-firefox-driver-2.44.0.jar;C:\Users\Admin\.m2\repository\commons-io\commons-io\2.4\commons-io-2.4.jar;C:\Users\Admin\.m2\repository\org\seleniumhq\selenium\selenium-ie-driver\2.44.0\selenium-ie-driver-2.44.0.jar;C:\Users\Admin\.m2\repository\net\java\dev\jna\jna\3.4.0\jna-3.4.0.jar;C:\Users\Admin\.m2\repository\net\java\dev\jna\platform\3.4.0\platform-3.4.0.jar;C:\Users\Admin\.m2\repository\org\seleniumhq\selenium\selenium-safari-driver\2.44.0\selenium-safari-driver-2.44.0.jar;C:\Users\Admin\.m2\repository\org\seleniumhq\selenium\selenium-support\2.44.0\selenium-support-2.44.0.jar;C:\Users\Admin\.m2\repository\org\webbitserver\webbit\0.4.14\webbit-0.4.14.jar;C:\Users\Admin\.m2\repository\io\netty\netty\3.5.2.Final\netty-3.5.2.Final.jar;C:\Users\Admin\.m2\repository\com\opera\operadriver\1.5\operadriver-1.5.jar;C:\Users\Admin\.m2\repository\com\opera\operalaunchers\1.1\operalaunchers-1.1.jar;C:\Users\Admin\.m2\repository\com\google\protobuf\protobuf-java\2.4.1\protobuf-java-2.4.1.jar;C:\Users\Admin\.m2\repository\com\google\guava\guava\14.0\guava-14.0.jar;C:\Users\Admin\.m2\repository\commons-jxpath\commons-jxpath\1.3\commons-jxpath-1.3.jar;C:\Users\Admin\.m2\repository\org\apache\commons\commons-exec\1.1\commons-exec-1.1.jar;C:\Users\Admin\.m2\repository\org\ini4j\ini4j\0.5.2\ini4j-0.5.2.jar;C:\Users\Admin\.m2\repository\junit\junit\4.11\junit-4.11.jar;C:\Users\Admin\.m2\repository\org\hamcrest\hamcrest-core\1.3\hamcrest-core-1.3.jar;C:\Users\Admin\.m2\repository\org\junit\jupiter\junit-jupiter-api\5.5.2\junit-jupiter-api-5.5.2.jar;C:\Users\Admin\.m2\repository\org\apiguardian\apiguardian-api\1.1.0\apiguardian-api-1.1.0.jar;C:\Users\Admin\.m2\repository\org\opentest4j\opentest4j\1.2.0\opentest4j-1.2.0.jar;C:\Users\Admin\.m2\repository\org\junit\platform\junit-platform-commons\1.5.2\junit-platform-commons-1.5.2.jar;C:\Users\Admin\.m2\repository\org\junit\jupiter\junit-jupiter-params\5.5.2\junit-jupiter-params-5.5.2.jar;C:\Users\Admin\.m2\repository\org\junit\jupiter\junit-jupiter-engine\5.5.2\junit-jupiter-engine-5.5.2.jar;C:\Users\Admin\.m2\repository\org\junit\platform\junit-platform-engine\1.5.2\junit-platform-engine-1.5.2.jar;C:\Users\Admin\.m2\repository\org\junit\platform\junit-platform-surefire-provider\1.3.2\junit-platform-surefire-provider-1.3.2.jar;C:\Users\Admin\.m2\repository\org\junit\platform\junit-platform-launcher\1.3.2\junit-platform-launcher-1.3.2.jar;C:\Users\Admin\.m2\repository\org\apache\maven\surefire\surefire-api\2.22.0\surefire-api-2.22.0.jar;C:\Users\Admin\.m2\repository\org\apache\maven\surefire\surefire-logger-api\2.22.0\surefire-logger-api-2.22.0.jar;C:\Users\Admin\.m2\repository\org\apache\maven\surefire\common-java5\2.22.0\common-java5-2.22.0.jar;C:\Users\Admin\.m2\repository\org\mockito\mockito-core\2.28.2\mockito-core-2.28.2.jar;C:\Users\Admin\.m2\repository\net\bytebuddy\byte-buddy\1.9.10\byte-buddy-1.9.10.jar;C:\Users\Admin\.m2\repository\net\bytebuddy\byte-buddy-agent\1.9.10\byte-buddy-agent-1.9.10.jar;C:\Users\Admin\.m2\repository\org\powermock\powermock-core\2.0.2\powermock-core-2.0.2.jar;C:\Users\Admin\.m2\repository\org\javassist\javassist\3.24.0-GA\javassist-3.24.0-GA.jar;C:\Users\Admin\.m2\repository\org\powermock\powermock-api-mockito2\2.0.2\powermock-api-mockito2-2.0.2.jar;C:\Users\Admin\.m2\repository\org\powermock\powermock-module-junit4-common\2.0.2\powermock-module-junit4-common-2.0.2.jar;C:\Users\Admin\.m2\repository\org\powermock\powermock-module-junit4\2.0.2\powermock-module-junit4-2.0.2.jar;C:\Users\Admin\.m2\repository\org\powermock\powermock-api-support\2.0.2\powermock-api-support-2.0.2.jar;C:\Users\Admin\.m2\repository\org\powermock\powermock-module-testng\2.0.2\powermock-module-testng-2.0.2.jar;C:\Users\Admin\.m2\repository\org\powermock\powermock-module-testng-common\2.0.2\powermock-module-testng-common-2.0.2.jar;C:\Users\Admin\.m2\repository\org\powermock\powermock-reflect\2.0.2\powermock-reflect-2.0.2.jar;C:\Users\Admin\.m2\repository\net\bytebuddy\byte-buddy-dep\1.9.13\byte-buddy-dep-1.9.13.jar;C:\Users\Admin\.m2\repository\org\ow2\asm\asm\7.1\asm-7.1.jar;C:\Users\Admin\.m2\repository\org\ow2\asm\asm-commons\7.1\asm-commons-7.1.jar;C:\Users\Admin\.m2\repository\com\mockrunner\mockrunner-jdbc\2.0.1\mockrunner-jdbc-2.0.1.jar;C:\Users\Admin\.m2\repository\commons-logging\commons-logging\1.0.4\commons-logging-1.0.4.jar;C:\Users\Admin\.m2\repository\com\mockrunner\mockrunner-core\2.0.1\mockrunner-core-2.0.1.jar;C:\Users\Admin\.m2\repository\jdom\jdom\1.0\jdom-1.0.jar;C:\Users\Admin\.m2\repository\com\kirkk\jaranalyzer\1.2\jaranalyzer-1.2.jar;C:\Users\Admin\.m2\repository\bcel\bcel\5.1\bcel-5.1.jar;C:\Users\Admin\.m2\repository\regexp\regexp\1.2\regexp-1.2.jar;C:\Users\Admin\.m2\repository\jakarta-regexp\jakarta-regexp\1.4\jakarta-regexp-1.4.jar;C:\Users\Admin\.m2\repository\ant\ant\1.6.5\ant-1.6.5.jar;C:\Users\Admin\.m2\repository\nekohtml\nekohtml\0.9.5\nekohtml-0.9.5.jar;C:\Users\Admin\.m2\repository\xerces\xercesImpl\2.4.0\xercesImpl-2.4.0.jar;C:\Users\Admin\.m2\repository\org\testng\testng\7.1.0\testng-7.1.0.jar;C:\Users\Admin\.m2\repository\com\beust\jcommander\1.72\jcommander-1.72.jar;C:\Users\Admin\.m2\repository\com\google\inject\guice\4.1.0\guice-4.1.0-no_aop.jar;C:\Users\Admin\.m2\repository\javax\inject\javax.inject\1\javax.inject-1.jar;C:\Users\Admin\.m2\repository\aopalliance\aopalliance\1.0\aopalliance-1.0.jar;C:\Users\Admin\.m2\repository\org\yaml\snakeyaml\1.21\snakeyaml-1.21.jar;C:\Users\Admin\.m2\repository\org\objenesis\objenesis\3.0.1\objenesis-3.0.1.jar;C:\Users\Admin\.m2\repository\oro\oro\2.0.8\oro-2.0.8.jar;"/>
    <property name="java.vm.vendor" value="Oracle Corporation"/>
    <property name="sun.arch.data.model" value="64"/>
    <property name="user.variant" value=""/>
    <property name="java.vendor.url" value="https://java.oracle.com/"/>
    <property name="user.timezone" value="Asia/Bangkok"/>
    <property name="os.name" value="Windows 10"/>
    <property name="java.vm.specification.version" value="14"/>
    <property name="user.country" value="US"/>
    <property name="sun.java.launcher" value="SUN_STANDARD"/>
    <property name="sun.boot.library.path" value="C:\Program Files\Java\jdk-14.0.2\bin"/>
    <property name="sun.java.command" value="C:\Users\Admin\AppData\Local\Temp\surefire838846177534902548\surefirebooter16975179258275369097.jar C:\Users\Admin\AppData\Local\Temp\surefire838846177534902548 2021-04-15T08-20-29_017-jvmRun1 surefire1464005311155915450tmp surefire_015823948033440851277tmp"/>
    <property name="jdk.debug" value="release"/>
    <property name="test" value="com.polypro.duan1quanlynongsan.Dao.KhachHangDaoTest"/>
    <property name="surefire.test.class.path" value="C:\Users\Admin\Documents\NetBeansProjects\DuAn1QuanLyNongSan\target\test-classes;C:\Users\Admin\Documents\NetBeansProjects\DuAn1QuanLyNongSan\target\classes;C:\Users\Admin\.m2\repository\com\microsoft\sqlserver\mssql-jdbc\8.2.2.jre11\mssql-jdbc-8.2.2.jre11.jar;C:\Users\Admin\.m2\repository\org\seleniumhq\selenium\selenium-java\2.44.0\selenium-java-2.44.0.jar;C:\Users\Admin\.m2\repository\org\seleniumhq\selenium\selenium-chrome-driver\2.44.0\selenium-chrome-driver-2.44.0.jar;C:\Users\Admin\.m2\repository\org\seleniumhq\selenium\selenium-remote-driver\2.44.0\selenium-remote-driver-2.44.0.jar;C:\Users\Admin\.m2\repository\cglib\cglib-nodep\2.1_3\cglib-nodep-2.1_3.jar;C:\Users\Admin\.m2\repository\com\google\code\gson\gson\2.3\gson-2.3.jar;C:\Users\Admin\.m2\repository\org\seleniumhq\selenium\selenium-api\2.44.0\selenium-api-2.44.0.jar;C:\Users\Admin\.m2\repository\org\seleniumhq\selenium\selenium-htmlunit-driver\2.44.0\selenium-htmlunit-driver-2.44.0.jar;C:\Users\Admin\.m2\repository\net\sourceforge\htmlunit\htmlunit\2.15\htmlunit-2.15.jar;C:\Users\Admin\.m2\repository\xalan\xalan\2.7.1\xalan-2.7.1.jar;C:\Users\Admin\.m2\repository\xalan\serializer\2.7.1\serializer-2.7.1.jar;C:\Users\Admin\.m2\repository\xml-apis\xml-apis\1.3.04\xml-apis-1.3.04.jar;C:\Users\Admin\.m2\repository\commons-collections\commons-collections\3.2.1\commons-collections-3.2.1.jar;C:\Users\Admin\.m2\repository\org\apache\commons\commons-lang3\3.3.2\commons-lang3-3.3.2.jar;C:\Users\Admin\.m2\repository\org\apache\httpcomponents\httpmime\4.3.3\httpmime-4.3.3.jar;C:\Users\Admin\.m2\repository\commons-codec\commons-codec\1.9\commons-codec-1.9.jar;C:\Users\Admin\.m2\repository\net\sourceforge\htmlunit\htmlunit-core-js\2.15\htmlunit-core-js-2.15.jar;C:\Users\Admin\.m2\repository\net\sourceforge\nekohtml\nekohtml\1.9.21\nekohtml-1.9.21.jar;C:\Users\Admin\.m2\repository\net\sourceforge\cssparser\cssparser\0.9.14\cssparser-0.9.14.jar;C:\Users\Admin\.m2\repository\org\w3c\css\sac\1.3\sac-1.3.jar;C:\Users\Admin\.m2\repository\org\eclipse\jetty\jetty-websocket\8.1.15.v20140411\jetty-websocket-8.1.15.v20140411.jar;C:\Users\Admin\.m2\repository\org\eclipse\jetty\jetty-util\8.1.15.v20140411\jetty-util-8.1.15.v20140411.jar;C:\Users\Admin\.m2\repository\org\eclipse\jetty\jetty-io\8.1.15.v20140411\jetty-io-8.1.15.v20140411.jar;C:\Users\Admin\.m2\repository\org\eclipse\jetty\jetty-http\8.1.15.v20140411\jetty-http-8.1.15.v20140411.jar;C:\Users\Admin\.m2\repository\org\apache\httpcomponents\httpclient\4.3.4\httpclient-4.3.4.jar;C:\Users\Admin\.m2\repository\org\apache\httpcomponents\httpcore\4.3.2\httpcore-4.3.2.jar;C:\Users\Admin\.m2\repository\org\seleniumhq\selenium\selenium-firefox-driver\2.44.0\selenium-firefox-driver-2.44.0.jar;C:\Users\Admin\.m2\repository\commons-io\commons-io\2.4\commons-io-2.4.jar;C:\Users\Admin\.m2\repository\org\seleniumhq\selenium\selenium-ie-driver\2.44.0\selenium-ie-driver-2.44.0.jar;C:\Users\Admin\.m2\repository\net\java\dev\jna\jna\3.4.0\jna-3.4.0.jar;C:\Users\Admin\.m2\repository\net\java\dev\jna\platform\3.4.0\platform-3.4.0.jar;C:\Users\Admin\.m2\repository\org\seleniumhq\selenium\selenium-safari-driver\2.44.0\selenium-safari-driver-2.44.0.jar;C:\Users\Admin\.m2\repository\org\seleniumhq\selenium\selenium-support\2.44.0\selenium-support-2.44.0.jar;C:\Users\Admin\.m2\repository\org\webbitserver\webbit\0.4.14\webbit-0.4.14.jar;C:\Users\Admin\.m2\repository\io\netty\netty\3.5.2.Final\netty-3.5.2.Final.jar;C:\Users\Admin\.m2\repository\com\opera\operadriver\1.5\operadriver-1.5.jar;C:\Users\Admin\.m2\repository\com\opera\operalaunchers\1.1\operalaunchers-1.1.jar;C:\Users\Admin\.m2\repository\com\google\protobuf\protobuf-java\2.4.1\protobuf-java-2.4.1.jar;C:\Users\Admin\.m2\repository\com\google\guava\guava\14.0\guava-14.0.jar;C:\Users\Admin\.m2\repository\commons-jxpath\commons-jxpath\1.3\commons-jxpath-1.3.jar;C:\Users\Admin\.m2\repository\org\apache\commons\commons-exec\1.1\commons-exec-1.1.jar;C:\Users\Admin\.m2\repository\org\ini4j\ini4j\0.5.2\ini4j-0.5.2.jar;C:\Users\Admin\.m2\repository\junit\junit\4.11\junit-4.11.jar;C:\Users\Admin\.m2\repository\org\hamcrest\hamcrest-core\1.3\hamcrest-core-1.3.jar;C:\Users\Admin\.m2\repository\org\junit\jupiter\junit-jupiter-api\5.5.2\junit-jupiter-api-5.5.2.jar;C:\Users\Admin\.m2\repository\org\apiguardian\apiguardian-api\1.1.0\apiguardian-api-1.1.0.jar;C:\Users\Admin\.m2\repository\org\opentest4j\opentest4j\1.2.0\opentest4j-1.2.0.jar;C:\Users\Admin\.m2\repository\org\junit\platform\junit-platform-commons\1.5.2\junit-platform-commons-1.5.2.jar;C:\Users\Admin\.m2\repository\org\junit\jupiter\junit-jupiter-params\5.5.2\junit-jupiter-params-5.5.2.jar;C:\Users\Admin\.m2\repository\org\junit\jupiter\junit-jupiter-engine\5.5.2\junit-jupiter-engine-5.5.2.jar;C:\Users\Admin\.m2\repository\org\junit\platform\junit-platform-engine\1.5.2\junit-platform-engine-1.5.2.jar;C:\Users\Admin\.m2\repository\org\junit\platform\junit-platform-surefire-provider\1.3.2\junit-platform-surefire-provider-1.3.2.jar;C:\Users\Admin\.m2\repository\org\junit\platform\junit-platform-launcher\1.3.2\junit-platform-launcher-1.3.2.jar;C:\Users\Admin\.m2\repository\org\apache\maven\surefire\surefire-api\2.22.0\surefire-api-2.22.0.jar;C:\Users\Admin\.m2\repository\org\apache\maven\surefire\surefire-logger-api\2.22.0\surefire-logger-api-2.22.0.jar;C:\Users\Admin\.m2\repository\org\apache\maven\surefire\common-java5\2.22.0\common-java5-2.22.0.jar;C:\Users\Admin\.m2\repository\org\mockito\mockito-core\2.28.2\mockito-core-2.28.2.jar;C:\Users\Admin\.m2\repository\net\bytebuddy\byte-buddy\1.9.10\byte-buddy-1.9.10.jar;C:\Users\Admin\.m2\repository\net\bytebuddy\byte-buddy-agent\1.9.10\byte-buddy-agent-1.9.10.jar;C:\Users\Admin\.m2\repository\org\powermock\powermock-core\2.0.2\powermock-core-2.0.2.jar;C:\Users\Admin\.m2\repository\org\javassist\javassist\3.24.0-GA\javassist-3.24.0-GA.jar;C:\Users\Admin\.m2\repository\org\powermock\powermock-api-mockito2\2.0.2\powermock-api-mockito2-2.0.2.jar;C:\Users\Admin\.m2\repository\org\powermock\powermock-module-junit4-common\2.0.2\powermock-module-junit4-common-2.0.2.jar;C:\Users\Admin\.m2\repository\org\powermock\powermock-module-junit4\2.0.2\powermock-module-junit4-2.0.2.jar;C:\Users\Admin\.m2\repository\org\powermock\powermock-api-support\2.0.2\powermock-api-support-2.0.2.jar;C:\Users\Admin\.m2\repository\org\powermock\powermock-module-testng\2.0.2\powermock-module-testng-2.0.2.jar;C:\Users\Admin\.m2\repository\org\powermock\powermock-module-testng-common\2.0.2\powermock-module-testng-common-2.0.2.jar;C:\Users\Admin\.m2\repository\org\powermock\powermock-reflect\2.0.2\powermock-reflect-2.0.2.jar;C:\Users\Admin\.m2\repository\net\bytebuddy\byte-buddy-dep\1.9.13\byte-buddy-dep-1.9.13.jar;C:\Users\Admin\.m2\repository\org\ow2\asm\asm\7.1\asm-7.1.jar;C:\Users\Admin\.m2\repository\org\ow2\asm\asm-commons\7.1\asm-commons-7.1.jar;C:\Users\Admin\.m2\repository\com\mockrunner\mockrunner-jdbc\2.0.1\mockrunner-jdbc-2.0.1.jar;C:\Users\Admin\.m2\repository\commons-logging\commons-logging\1.0.4\commons-logging-1.0.4.jar;C:\Users\Admin\.m2\repository\com\mockrunner\mockrunner-core\2.0.1\mockrunner-core-2.0.1.jar;C:\Users\Admin\.m2\repository\jdom\jdom\1.0\jdom-1.0.jar;C:\Users\Admin\.m2\repository\com\kirkk\jaranalyzer\1.2\jaranalyzer-1.2.jar;C:\Users\Admin\.m2\repository\bcel\bcel\5.1\bcel-5.1.jar;C:\Users\Admin\.m2\repository\regexp\regexp\1.2\regexp-1.2.jar;C:\Users\Admin\.m2\repository\jakarta-regexp\jakarta-regexp\1.4\jakarta-regexp-1.4.jar;C:\Users\Admin\.m2\repository\ant\ant\1.6.5\ant-1.6.5.jar;C:\Users\Admin\.m2\repository\nekohtml\nekohtml\0.9.5\nekohtml-0.9.5.jar;C:\Users\Admin\.m2\repository\xerces\xercesImpl\2.4.0\xercesImpl-2.4.0.jar;C:\Users\Admin\.m2\repository\org\testng\testng\7.1.0\testng-7.1.0.jar;C:\Users\Admin\.m2\repository\com\beust\jcommander\1.72\jcommander-1.72.jar;C:\Users\Admin\.m2\repository\com\google\inject\guice\4.1.0\guice-4.1.0-no_aop.jar;C:\Users\Admin\.m2\repository\javax\inject\javax.inject\1\javax.inject-1.jar;C:\Users\Admin\.m2\repository\aopalliance\aopalliance\1.0\aopalliance-1.0.jar;C:\Users\Admin\.m2\repository\org\yaml\snakeyaml\1.21\snakeyaml-1.21.jar;C:\Users\Admin\.m2\repository\org\objenesis\objenesis\3.0.1\objenesis-3.0.1.jar;C:\Users\Admin\.m2\repository\oro\oro\2.0.8\oro-2.0.8.jar;"/>
    <property name="sun.cpu.endian" value="little"/>
    <property name="user.home" value="C:\Users\Admin"/>
    <property name="user.language" value="en"/>
    <property name="java.specification.vendor" value="Oracle Corporation"/>
    <property name="java.version.date" value="2020-07-14"/>
    <property name="java.home" value="C:\Program Files\Java\jdk-14.0.2"/>
    <property name="file.separator" value="\"/>
    <property name="basedir" value="C:\Users\Admin\Documents\NetBeansProjects\DuAn1QuanLyNongSan"/>
    <property name="java.vm.compressedOopsMode" value="Zero based"/>
    <property name="line.separator" value="&#10;"/>
    <property name="java.vm.specification.vendor" value="Oracle Corporation"/>
    <property name="java.specification.name" value="Java Platform API Specification"/>
    <property name="surefire.real.class.path" value="C:\Users\Admin\AppData\Local\Temp\surefire838846177534902548\surefirebooter16975179258275369097.jar"/>
    <property name="user.script" value=""/>
    <property name="sun.management.compiler" value="HotSpot 64-Bit Tiered Compilers"/>
    <property name="java.runtime.version" value="14.0.2+12-46"/>
    <property name="user.name" value="Admin"/>
    <property name="path.separator" value=";"/>
    <property name="os.version" value="10.0"/>
    <property name="java.runtime.name" value="Java(TM) SE Runtime Environment"/>
    <property name="file.encoding" value="UTF-8"/>
    <property name="java.vm.name" value="Java HotSpot(TM) 64-Bit Server VM"/>
    <property name="maven.ext.class.path" value="C:\Program Files\NetBeans-12.0\netbeans\java\maven-nblib\netbeans-eventspy.jar"/>
    <property name="localRepository" value="C:\Users\Admin\.m2\repository"/>
    <property name="java.vendor.url.bug" value="https://bugreport.java.com/bugreport/"/>
    <property name="java.io.tmpdir" value="C:\Users\Admin\AppData\Local\Temp\"/>
    <property name="java.version" value="14.0.2"/>
    <property name="user.dir" value="C:\Users\Admin\Documents\NetBeansProjects\DuAn1QuanLyNongSan"/>
    <property name="os.arch" value="amd64"/>
    <property name="java.vm.specification.name" value="Java Virtual Machine Specification"/>
    <property name="sun.os.patch.level" value=""/>
    <property name="java.library.path" value="C:\Program Files\Java\jdk-14.0.2\bin;C:\WINDOWS\Sun\Java\bin;C:\WINDOWS\system32;C:\WINDOWS;C:\Program Files\Java\jdk-15.0.1\bin;C:\Program Files\Common Files\Oracle\Java\javapath;C:\Program Files (x86)\Common Files\Oracle\Java\javapath;C:\WINDOWS\system32;C:\WINDOWS;C:\WINDOWS\System32\Wbem;C:\WINDOWS\System32\WindowsPowerShell\v1.0\;C:\WINDOWS\System32\OpenSSH\;C:\Program Files\Microsoft SQL Server\Client SDK\ODBC\170\Tools\Binn\;C:\Program Files (x86)\Microsoft SQL Server\150\Tools\Binn\;C:\Program Files\Microsoft SQL Server\150\Tools\Binn\;C:\Program Files\Microsoft SQL Server\150\DTS\Binn\;C:\Program Files (x86)\Microsoft SQL Server\150\DTS\Binn\;C:\Users\Admin\AppData\Local\Microsoft\WindowsApps;;C:\Users\Admin\AppData\Local\Programs\Microsoft VS Code\bin;."/>
    <property name="java.vm.info" value="mixed mode, sharing"/>
    <property name="java.vendor" value="Oracle Corporation"/>
    <property name="java.vm.version" value="14.0.2+12-46"/>
    <property name="sun.io.unicode.encoding" value="UnicodeLittle"/>
    <property name="java.class.version" value="58.0"/>
  </properties>
  <testcase name="testSelectAll on testSelectAll(com.polypro.duan1quanlynongsan.Dao.KhachHangDaoTest)" classname="com.polypro.duan1quanlynongsan.Dao.KhachHangDaoTest" time="1.276">
    <failure type="java.lang.NullPointerException"><![CDATA[java.lang.NullPointerException
	at com.polypro.duan1quanlynongsan.Dao.KhachHangDaoTest.testSelectAll(KhachHangDaoTest.java:128)
]]></failure>
    <system-out><![CDATA[selectAll
]]></system-out>
  </testcase>
  <testcase name="testSelectByName on testSelectByName(com.polypro.duan1quanlynongsan.Dao.KhachHangDaoTest)" classname="com.polypro.duan1quanlynongsan.Dao.KhachHangDaoTest" time="0.002">
    <failure type="java.lang.NullPointerException"><![CDATA[java.lang.NullPointerException
	at com.polypro.duan1quanlynongsan.Dao.KhachHangDaoTest.testSelectByName(KhachHangDaoTest.java:150)
]]></failure>
    <system-out><![CDATA[selectByName
]]></system-out>
  </testcase>
  <testcase name="testSelectBySql on testSelectBySql(com.polypro.duan1quanlynongsan.Dao.KhachHangDaoTest)" classname="com.polypro.duan1quanlynongsan.Dao.KhachHangDaoTest" time="0.002">
    <failure type="java.lang.NullPointerException"><![CDATA[java.lang.NullPointerException
	at com.polypro.duan1quanlynongsan.Dao.KhachHangDaoTest.testSelectBySql(KhachHangDaoTest.java:162)
]]></failure>
    <system-out><![CDATA[selectBySql
]]></system-out>
  </testcase>
  <testcase name="testSelectById on testSelectById(com.polypro.duan1quanlynongsan.Dao.KhachHangDaoTest)" classname="com.polypro.duan1quanlynongsan.Dao.KhachHangDaoTest" time="0.002">
    <failure type="java.lang.NullPointerException"><![CDATA[java.lang.NullPointerException
	at com.polypro.duan1quanlynongsan.Dao.KhachHangDaoTest.testSelectById(KhachHangDaoTest.java:139)
]]></failure>
    <system-out><![CDATA[selectById
]]></system-out>
  </testcase>
  <testcase name="testLoadTable on testLoadTable(com.polypro.duan1quanlynongsan.Dao.KhachHangDaoTest)" classname="com.polypro.duan1quanlynongsan.Dao.KhachHangDaoTest" time="0.004">
    <failure type="java.lang.NullPointerException"><![CDATA[java.lang.NullPointerException
	at com.polypro.duan1quanlynongsan.Dao.KhachHangDaoTest.testLoadTable(KhachHangDaoTest.java:184)
]]></failure>
    <system-out><![CDATA[loadTable
]]></system-out>
  </testcase>
  <testcase name="testDeleteWhitVailidId on testDeleteWhitVailidId(com.polypro.duan1quanlynongsan.Dao.KhachHangDaoTest)" classname="com.polypro.duan1quanlynongsan.Dao.KhachHangDaoTest" time="0.058">
    <failure message="loader constraint violation in interface itable initialization for class javax.swing.JComponent$1: when selecting method &apos;boolean sun.swing.SwingAccessor$JComponentAccessor.getFlag(javax.swing.JComponent, int)&apos; the class loader &apos;bootstrap&apos; for super interface sun.swing.SwingAccessor$JComponentAccessor, and the class loader org.powermock.core.classloader.javassist.JavassistMockClassLoader @3901d134 of the selected method&apos;s class, javax.swing.JComponent$1 have different Class objects for the type javax.swing.JComponent used in the signature (sun.swing.SwingAccessor$JComponentAccessor is in module java.desktop of loader &apos;bootstrap&apos;; javax.swing.JComponent$1 is in unnamed module of loader org.powermock.core.classloader.javassist.JavassistMockClassLoader @3901d134, parent loader &apos;app&apos;)" type="java.lang.LinkageError"><![CDATA[java.lang.LinkageError: loader constraint violation in interface itable initialization for class javax.swing.JComponent$1: when selecting method 'boolean sun.swing.SwingAccessor$JComponentAccessor.getFlag(javax.swing.JComponent, int)' the class loader 'bootstrap' for super interface sun.swing.SwingAccessor$JComponentAccessor, and the class loader org.powermock.core.classloader.javassist.JavassistMockClassLoader @3901d134 of the selected method's class, javax.swing.JComponent$1 have different Class objects for the type javax.swing.JComponent used in the signature (sun.swing.SwingAccessor$JComponentAccessor is in module java.desktop of loader 'bootstrap'; javax.swing.JComponent$1 is in unnamed module of loader org.powermock.core.classloader.javassist.JavassistMockClassLoader @3901d134, parent loader 'app')
	at com.polypro.duan1quanlynongsan.Dao.KhachHangDaoTest.testDeleteWhitVailidId(KhachHangDaoTest.java:121)
]]></failure>
  </testcase>
  <testcase name="testUpdateWhitNulNh on testUpdateWhitNulNh(com.polypro.duan1quanlynongsan.Dao.KhachHangDaoTest)" classname="com.polypro.duan1quanlynongsan.Dao.KhachHangDaoTest" time="0"/>
  <testcase name="testDeleteWhitEmptyId on testDeleteWhitEmptyId(com.polypro.duan1quanlynongsan.Dao.KhachHangDaoTest)" classname="com.polypro.duan1quanlynongsan.Dao.KhachHangDaoTest" time="0.001">
    <failure message="Unexpected exception, expected&lt;java.lang.Exception&gt; but was&lt;java.lang.NoClassDefFoundError&gt;" type="java.lang.Exception"><![CDATA[java.lang.Exception: Unexpected exception, expected<java.lang.Exception> but was<java.lang.NoClassDefFoundError>
	at com.polypro.duan1quanlynongsan.Dao.KhachHangDaoTest.testDeleteWhitEmptyId(KhachHangDaoTest.java:111)
]]></failure>
  </testcase>
  <testcase name="testSelectByKeyword on testSelectByKeyword(com.polypro.duan1quanlynongsan.Dao.KhachHangDaoTest)" classname="com.polypro.duan1quanlynongsan.Dao.KhachHangDaoTest" time="0.002">
    <failure type="java.lang.NullPointerException"><![CDATA[java.lang.NullPointerException
	at com.polypro.duan1quanlynongsan.Dao.KhachHangDaoTest.testSelectByKeyword(KhachHangDaoTest.java:173)
]]></failure>
    <system-out><![CDATA[selectByKeyword
]]></system-out>
  </testcase>
  <testcase name="testInsertWhitEmptyNh on testInsertWhitEmptyNh(com.polypro.duan1quanlynongsan.Dao.KhachHangDaoTest)" classname="com.polypro.duan1quanlynongsan.Dao.KhachHangDaoTest" time="0.002">
    <failure message="Expected exception: java.lang.Exception" type="java.lang.AssertionError"><![CDATA[java.lang.AssertionError: Expected exception: java.lang.Exception
]]></failure>
  </testcase>
  <testcase name="testInsertWhitVailidNh on testInsertWhitVailidNh(com.polypro.duan1quanlynongsan.Dao.KhachHangDaoTest)" classname="com.polypro.duan1quanlynongsan.Dao.KhachHangDaoTest" time="0.001"/>
  <testcase name="testUpdateWhitEmptyNh on testUpdateWhitEmptyNh(com.polypro.duan1quanlynongsan.Dao.KhachHangDaoTest)" classname="com.polypro.duan1quanlynongsan.Dao.KhachHangDaoTest" time="0.002">
    <failure message="Expected exception: java.lang.Exception" type="java.lang.AssertionError"><![CDATA[java.lang.AssertionError: Expected exception: java.lang.Exception
]]></failure>
  </testcase>
  <testcase name="testUpdateWhitVailidNh on testUpdateWhitVailidNh(com.polypro.duan1quanlynongsan.Dao.KhachHangDaoTest)" classname="com.polypro.duan1quanlynongsan.Dao.KhachHangDaoTest" time="0.002"/>
  <testcase name="testDeleteWhitnullId on testDeleteWhitnullId(com.polypro.duan1quanlynongsan.Dao.KhachHangDaoTest)" classname="com.polypro.duan1quanlynongsan.Dao.KhachHangDaoTest" time="0.001">
    <failure message="Unexpected exception, expected&lt;java.lang.Exception&gt; but was&lt;java.lang.NoClassDefFoundError&gt;" type="java.lang.Exception"><![CDATA[java.lang.Exception: Unexpected exception, expected<java.lang.Exception> but was<java.lang.NoClassDefFoundError>
	at com.polypro.duan1quanlynongsan.Dao.KhachHangDaoTest.testDeleteWhitnullId(KhachHangDaoTest.java:116)
]]></failure>
  </testcase>
  <testcase name="testInsertWhitnulNh on testInsertWhitnulNh(com.polypro.duan1quanlynongsan.Dao.KhachHangDaoTest)" classname="com.polypro.duan1quanlynongsan.Dao.KhachHangDaoTest" time="0.001"/>
</testsuite>