<?xml version="1.0" encoding="UTF-8"?>
<!-- Generated by org.testng.reporters.JUnitReportReporter -->
<testsuite hostname="M4800" failures="0" tests="14" name="com.polypro.duan1quanlynongsan.Model.PhieuXuatTest" time="0.000" errors="0" timestamp="2021-04-12T15:22:12 ICT" skipped="0">
  <testcase classname="com.polypro.duan1quanlynongsan.Model.PhieuXuatTest" name="testSetNgayxuat" time="0.000"/>
  <system-out/>
  <testcase classname="com.polypro.duan1quanlynongsan.Model.PhieuXuatTest" name="testSetDonGia" time="0.000"/>
  <system-out/>
  <testcase classname="com.polypro.duan1quanlynongsan.Model.PhieuXuatTest" name="testGetMaNV" time="0.000"/>
  <system-out/>
  <testcase classname="com.polypro.duan1quanlynongsan.Model.PhieuXuatTest" name="testGetDonGia" time="0.000"/>
  <system-out/>
  <testcase classname="com.polypro.duan1quanlynongsan.Model.PhieuXuatTest" name="testSetMaPX" time="0.000"/>
  <system-out/>
  <testcase classname="com.polypro.duan1quanlynongsan.Model.PhieuXuatTest" name="testSetMaKH" time="0.000"/>
  <system-out/>
  <testcase classname="com.polypro.duan1quanlynongsan.Model.PhieuXuatTest" name="testGetSoLuong" time="0.000"/>
  <system-out/>
  <testcase classname="com.polypro.duan1quanlynongsan.Model.PhieuXuatTest" name="testGetMaKH" time="0.000"/>
  <system-out/>
  <testcase classname="com.polypro.duan1quanlynongsan.Model.PhieuXuatTest" name="testSetMaNS" time="0.000"/>
  <system-out/>
  <testcase classname="com.polypro.duan1quanlynongsan.Model.PhieuXuatTest" name="testSetMaNV" time="0.000"/>
  <system-out/>
  <testcase classname="com.polypro.duan1quanlynongsan.Model.PhieuXuatTest" name="testGetMaPX" time="0.000"/>
  <system-out/>
  <testcase classname="com.polypro.duan1quanlynongsan.Model.PhieuXuatTest" name="testGetNgayxuat" time="0.000"/>
  <system-out/>
  <testcase classname="com.polypro.duan1quanlynongsan.Model.PhieuXuatTest" name="testSetSoLuong" time="0.000"/>
  <system-out/>
  <testcase classname="com.polypro.duan1quanlynongsan.Model.PhieuXuatTest" name="testGetMaNS" time="0.000"/>
  <system-out/>
</testsuite> <!-- com.polypro.duan1quanlynongsan.Model.PhieuXuatTest -->
