<?xml version="1.0" encoding="UTF-8"?>
<!-- Generated by org.testng.reporters.JUnitReportReporter -->
<testsuite hostname="M4800" failures="0" tests="10" name="com.polypro.duan1quanlynongsan.Model.PhieuNhapaTest" time="0.000" errors="0" timestamp="2021-04-12T15:22:12 ICT" skipped="0">
  <testcase classname="com.polypro.duan1quanlynongsan.Model.PhieuNhapaTest" name="testGetSoLuong" time="0.000"/>
  <system-out/>
  <testcase classname="com.polypro.duan1quanlynongsan.Model.PhieuNhapaTest" name="testSetSoLuong" time="0.000"/>
  <system-out/>
  <testcase classname="com.polypro.duan1quanlynongsan.Model.PhieuNhapaTest" name="testGetMaDN" time="0.000"/>
  <system-out/>
  <testcase classname="com.polypro.duan1quanlynongsan.Model.PhieuNhapaTest" name="testSetMaNV" time="0.000"/>
  <system-out/>
  <testcase classname="com.polypro.duan1quanlynongsan.Model.PhieuNhapaTest" name="testGetNgayN" time="0.000"/>
  <system-out/>
  <testcase classname="com.polypro.duan1quanlynongsan.Model.PhieuNhapaTest" name="testGetMaNS" time="0.000"/>
  <system-out/>
  <testcase classname="com.polypro.duan1quanlynongsan.Model.PhieuNhapaTest" name="testSetMaNS" time="0.000"/>
  <system-out/>
  <testcase classname="com.polypro.duan1quanlynongsan.Model.PhieuNhapaTest" name="testGetMaNV" time="0.000"/>
  <system-out/>
  <testcase classname="com.polypro.duan1quanlynongsan.Model.PhieuNhapaTest" name="testSetMaDN" time="0.000"/>
  <system-out/>
  <testcase classname="com.polypro.duan1quanlynongsan.Model.PhieuNhapaTest" name="testSetNgayN" time="0.000"/>
  <system-out/>
</testsuite> <!-- com.polypro.duan1quanlynongsan.Model.PhieuNhapaTest -->
