<?xml version="1.0" encoding="UTF-8"?>
<!-- Generated by org.testng.reporters.JUnitReportReporter -->
<testsuite hostname="M4800" failures="0" tests="16" name="com.polypro.duan1quanlynongsan.Model.NhanVienTest" time="0.256" errors="0" timestamp="2021-04-12T15:22:12 ICT" skipped="0">
  <testcase classname="com.polypro.duan1quanlynongsan.Model.NhanVienTest" name="testSetHoTen" time="0.016"/>
  <system-out/>
  <testcase classname="com.polypro.duan1quanlynongsan.Model.NhanVienTest" name="testGetMaNV" time="0.016"/>
  <system-out/>
  <testcase classname="com.polypro.duan1quanlynongsan.Model.NhanVienTest" name="testGetEmail" time="0.016"/>
  <system-out/>
  <testcase classname="com.polypro.duan1quanlynongsan.Model.NhanVienTest" name="testSetMatKhau" time="0.016"/>
  <system-out/>
  <testcase classname="com.polypro.duan1quanlynongsan.Model.NhanVienTest" name="testSetSoCMND" time="0.016"/>
  <system-out/>
  <testcase classname="com.polypro.duan1quanlynongsan.Model.NhanVienTest" name="testSetEmail" time="0.016"/>
  <system-out/>
  <testcase classname="com.polypro.duan1quanlynongsan.Model.NhanVienTest" name="testSetGhiChu" time="0.016"/>
  <system-out/>
  <testcase classname="com.polypro.duan1quanlynongsan.Model.NhanVienTest" name="testGetGhiChu" time="0.016"/>
  <system-out/>
  <testcase classname="com.polypro.duan1quanlynongsan.Model.NhanVienTest" name="testGetSoCMND" time="0.016"/>
  <system-out/>
  <testcase classname="com.polypro.duan1quanlynongsan.Model.NhanVienTest" name="testGetHoTen" time="0.016"/>
  <system-out/>
  <testcase classname="com.polypro.duan1quanlynongsan.Model.NhanVienTest" name="testSetVaiTro" time="0.016"/>
  <system-out/>
  <testcase classname="com.polypro.duan1quanlynongsan.Model.NhanVienTest" name="testGetGioiTinh" time="0.016"/>
  <system-out/>
  <testcase classname="com.polypro.duan1quanlynongsan.Model.NhanVienTest" name="testSetMaNV" time="0.016"/>
  <system-out/>
  <testcase classname="com.polypro.duan1quanlynongsan.Model.NhanVienTest" name="testGetVaiTro" time="0.016"/>
  <system-out/>
  <testcase classname="com.polypro.duan1quanlynongsan.Model.NhanVienTest" name="testGetMatKhau" time="0.016"/>
  <system-out/>
  <testcase classname="com.polypro.duan1quanlynongsan.Model.NhanVienTest" name="testSetGioiTinh" time="0.016"/>
  <system-out/>
</testsuite> <!-- com.polypro.duan1quanlynongsan.Model.NhanVienTest -->
