<?xml version="1.0" encoding="UTF-8"?>
<!-- Generated by org.testng.reporters.JUnitReportReporter -->
<testsuite hostname="M4800" failures="0" tests="16" name="com.polypro.duan1quanlynongsan.Model.NongSanTest" time="0.000" errors="0" timestamp="2021-04-12T15:22:12 ICT" skipped="0">
  <testcase classname="com.polypro.duan1quanlynongsan.Model.NongSanTest" name="testSetDVT" time="0.000"/>
  <system-out/>
  <testcase classname="com.polypro.duan1quanlynongsan.Model.NongSanTest" name="testGetDVT" time="0.000"/>
  <system-out/>
  <testcase classname="com.polypro.duan1quanlynongsan.Model.NongSanTest" name="testSetNgayHH" time="0.000"/>
  <system-out/>
  <testcase classname="com.polypro.duan1quanlynongsan.Model.NongSanTest" name="testGetNgaySX" time="0.000"/>
  <system-out/>
  <testcase classname="com.polypro.duan1quanlynongsan.Model.NongSanTest" name="testGetMaNS" time="0.000"/>
  <system-out/>
  <testcase classname="com.polypro.duan1quanlynongsan.Model.NongSanTest" name="testSetNgaySX" time="0.000"/>
  <system-out/>
  <testcase classname="com.polypro.duan1quanlynongsan.Model.NongSanTest" name="testSetMaNV" time="0.000"/>
  <system-out/>
  <testcase classname="com.polypro.duan1quanlynongsan.Model.NongSanTest" name="testGetGia" time="0.000"/>
  <system-out/>
  <testcase classname="com.polypro.duan1quanlynongsan.Model.NongSanTest" name="testGetMaNV" time="0.000"/>
  <system-out/>
  <testcase classname="com.polypro.duan1quanlynongsan.Model.NongSanTest" name="testSetNCC" time="0.000"/>
  <system-out/>
  <testcase classname="com.polypro.duan1quanlynongsan.Model.NongSanTest" name="testGetNgayHH" time="0.000"/>
  <system-out/>
  <testcase classname="com.polypro.duan1quanlynongsan.Model.NongSanTest" name="testSetGia" time="0.000"/>
  <system-out/>
  <testcase classname="com.polypro.duan1quanlynongsan.Model.NongSanTest" name="testGetTenNS" time="0.000"/>
  <system-out/>
  <testcase classname="com.polypro.duan1quanlynongsan.Model.NongSanTest" name="testGetNCC" time="0.000"/>
  <system-out/>
  <testcase classname="com.polypro.duan1quanlynongsan.Model.NongSanTest" name="testSetTenNS" time="0.000"/>
  <system-out/>
  <testcase classname="com.polypro.duan1quanlynongsan.Model.NongSanTest" name="testSetMaNS" time="0.000"/>
  <system-out/>
</testsuite> <!-- com.polypro.duan1quanlynongsan.Model.NongSanTest -->
