<?xml version="1.0" encoding="UTF-8"?>
<!-- Generated by org.testng.reporters.JUnitReportReporter -->
<testsuite hostname="M4800" failures="0" tests="10" name="com.polypro.duan1quanlynongsan.Model.NhaCCTest" time="0.000" errors="0" timestamp="2021-04-12T15:22:12 ICT" skipped="0">
  <testcase classname="com.polypro.duan1quanlynongsan.Model.NhaCCTest" name="testSetDiaChi" time="0.000"/>
  <system-out/>
  <testcase classname="com.polypro.duan1quanlynongsan.Model.NhaCCTest" name="testSetTenNCC" time="0.000"/>
  <system-out/>
  <testcase classname="com.polypro.duan1quanlynongsan.Model.NhaCCTest" name="testSetMaNCC" time="0.000"/>
  <system-out/>
  <testcase classname="com.polypro.duan1quanlynongsan.Model.NhaCCTest" name="testGetEmail" time="0.000"/>
  <system-out/>
  <testcase classname="com.polypro.duan1quanlynongsan.Model.NhaCCTest" name="testGetTenNCC" time="0.000"/>
  <system-out/>
  <testcase classname="com.polypro.duan1quanlynongsan.Model.NhaCCTest" name="testSetSDT" time="0.000"/>
  <system-out/>
  <testcase classname="com.polypro.duan1quanlynongsan.Model.NhaCCTest" name="testSetEmail" time="0.000"/>
  <system-out/>
  <testcase classname="com.polypro.duan1quanlynongsan.Model.NhaCCTest" name="testGetDiaChi" time="0.000"/>
  <system-out/>
  <testcase classname="com.polypro.duan1quanlynongsan.Model.NhaCCTest" name="testGetMaNCC" time="0.000"/>
  <system-out/>
  <testcase classname="com.polypro.duan1quanlynongsan.Model.NhaCCTest" name="testGetSDT" time="0.000"/>
  <system-out/>
</testsuite> <!-- com.polypro.duan1quanlynongsan.Model.NhaCCTest -->
