<?xml version="1.0" encoding="UTF-8"?>
<!-- Generated by org.testng.reporters.JUnitReportReporter -->
<testsuite hostname="M4800" failures="0" tests="17" name="com.polypro.duan1quanlynongsan.Model.KhachHangTest" time="0.176" errors="0" timestamp="2021-04-12T15:22:12 ICT" skipped="0">
  <testcase classname="com.polypro.duan1quanlynongsan.Model.KhachHangTest" name="testGetNgaySinh" time="0.016"/>
  <system-out/>
  <testcase classname="com.polypro.duan1quanlynongsan.Model.KhachHangTest" name="testSetNgaySinh" time="0.016"/>
  <system-out/>
  <testcase classname="com.polypro.duan1quanlynongsan.Model.KhachHangTest" name="testGetDiaChi" time="0.016"/>
  <system-out/>
  <testcase classname="com.polypro.duan1quanlynongsan.Model.KhachHangTest" name="testSetHoTen" time="0.016"/>
  <system-out/>
  <testcase classname="com.polypro.duan1quanlynongsan.Model.KhachHangTest" name="testSetDiaChi" time="0.016"/>
  <system-out/>
  <testcase classname="com.polypro.duan1quanlynongsan.Model.KhachHangTest" name="testGetEmail" time="0.000"/>
  <system-out/>
  <testcase classname="com.polypro.duan1quanlynongsan.Model.KhachHangTest" name="testSetGioiTinh" time="0.000"/>
  <system-out/>
  <testcase classname="com.polypro.duan1quanlynongsan.Model.KhachHangTest" name="testSetDienThoai" time="0.000"/>
  <system-out/>
  <testcase classname="com.polypro.duan1quanlynongsan.Model.KhachHangTest" name="testSetEmail" time="0.016"/>
  <system-out/>
  <testcase classname="com.polypro.duan1quanlynongsan.Model.KhachHangTest" name="testGetMaKH" time="0.016"/>
  <system-out/>
  <testcase classname="com.polypro.duan1quanlynongsan.Model.KhachHangTest" name="testGetMaNV" time="0.016"/>
  <system-out/>
  <testcase classname="com.polypro.duan1quanlynongsan.Model.KhachHangTest" name="testSetGioiTinhFemale" time="0.000"/>
  <system-out/>
  <testcase classname="com.polypro.duan1quanlynongsan.Model.KhachHangTest" name="testSetMaKH" time="0.016"/>
  <system-out/>
  <testcase classname="com.polypro.duan1quanlynongsan.Model.KhachHangTest" name="testGetGioiTinh" time="0.000"/>
  <system-out/>
  <testcase classname="com.polypro.duan1quanlynongsan.Model.KhachHangTest" name="testGetHoTen" time="0.000"/>
  <system-out/>
  <testcase classname="com.polypro.duan1quanlynongsan.Model.KhachHangTest" name="testGetDienThoai" time="0.016"/>
  <system-out/>
  <testcase classname="com.polypro.duan1quanlynongsan.Model.KhachHangTest" name="testSetMaNV" time="0.016"/>
  <system-out/>
</testsuite> <!-- com.polypro.duan1quanlynongsan.Model.KhachHangTest -->
